<?xml version="1.0" encoding="UTF-8"?>
<!-- Generated by org.testng.reporters.JUnitReportReporter -->
<testsuite hostname="DESKTOP-2U54747" failures="0" tests="1" name="tests.searchapartment.SearchApartmentTest" time="8.009" errors="0" timestamp="17 окт. 2021 22:08:35 GMT" skipped="0">
  <testcase classname="tests.searchapartment.SearchApartmentTest" name="checkIsRedirectToListing" time="8.009"/>
</testsuite> <!-- tests.searchapartment.SearchApartmentTest -->
